2025-07-06 22:07:32:732 [32minfo[39m: [32mMongoDB connected successfully[39m
2025-07-06 22:07:32:732 [32minfo[39m: [32mServer running on port 3000 in development mode[39m
2025-07-06 22:07:32:732 [32minfo[39m: [32mAPI Documentation available at http://localhost:3000/api-docs[39m
2025-07-06 22:17:51:1751 [32minfo[39m: [32mMongoDB connected successfully[39m
2025-07-06 22:17:51:1751 [32minfo[39m: [32mServer running on port 3000 in development mode[39m
2025-07-06 22:17:51:1751 [32minfo[39m: [32mAPI Documentation available at http://localhost:3000/api-docs[39m
2025-07-06 22:25:20:2520 [32minfo[39m: [32mMongoDB connected successfully[39m
2025-07-06 22:25:20:2520 [32minfo[39m: [32mServer running on port 3000 in development mode[39m
2025-07-06 22:25:20:2520 [32minfo[39m: [32mAPI Documentation available at http://localhost:3000/api-docs[39m
2025-07-06 22:45:54:4554 [33mwarn[39m: [33m400 - Role must be student, teacher, or admin - /api/auth/register - POST - ::1[39m
2025-07-06 22:46:34:4634 [32minfo[39m: [32mMongoDB connected successfully[39m
2025-07-06 22:46:34:4634 [32minfo[39m: [32mServer running on port 3000 in development mode[39m
2025-07-06 22:46:34:4634 [32minfo[39m: [32mAPI Documentation available at http://localhost:3000/api-docs[39m
2025-07-06 22:46:35:4635 [32minfo[39m: [32mMongoDB connected successfully[39m
2025-07-06 22:46:35:4635 [32minfo[39m: [32mServer running on port 3000 in development mode[39m
2025-07-06 22:46:35:4635 [32minfo[39m: [32mAPI Documentation available at http://localhost:3000/api-docs[39m
2025-07-06 22:46:42:4642 [32minfo[39m: [32mMongoDB connected successfully[39m
2025-07-06 22:46:42:4642 [32minfo[39m: [32mServer running on port 3000 in development mode[39m
2025-07-06 22:46:42:4642 [32minfo[39m: [32mAPI Documentation available at http://localhost:3000/api-docs[39m
2025-07-06 22:47:01:471 [32minfo[39m: [32mMongoDB connected successfully[39m
2025-07-06 22:47:01:471 [32minfo[39m: [32mServer running on port 3000 in development mode[39m
2025-07-06 22:47:01:471 [32minfo[39m: [32mAPI Documentation available at http://localhost:3000/api-docs[39m
2025-07-06 22:47:13:4713 [32minfo[39m: [32mMongoDB connected successfully[39m
2025-07-06 22:47:13:4713 [32minfo[39m: [32mServer running on port 3000 in development mode[39m
2025-07-06 22:47:13:4713 [32minfo[39m: [32mAPI Documentation available at http://localhost:3000/api-docs[39m
2025-07-06 22:47:35:4735 [32minfo[39m: [32mMongoDB connected successfully[39m
2025-07-06 22:47:35:4735 [32minfo[39m: [32mMongoDB connected successfully[39m
2025-07-06 22:47:35:4735 [32minfo[39m: [32mServer running on port 3000 in development mode[39m
2025-07-06 22:47:35:4735 [32minfo[39m: [32mAPI Documentation available at http://localhost:3000/api-docs[39m
2025-07-06 22:51:28:5128 [32minfo[39m: [32mReceived SIGTERM. Starting graceful shutdown...[39m
2025-07-06 22:55:21:5521 [32minfo[39m: [32mMongoDB connected successfully[39m
2025-07-06 22:55:21:5521 [32minfo[39m: [32mServer running on port 3000 in development mode[39m
2025-07-06 22:55:21:5521 [32minfo[39m: [32mAPI Documentation available at http://localhost:3000/api-docs[39m
2025-07-06 22:55:25:5525 [33mwarn[39m: [33m401 - Access token required - /api/modules - GET - ::1[39m
2025-07-06 22:58:48:5848 [33mwarn[39m: [33m401 - Invalid token - /api/quizzes - GET - ::1[39m
2025-07-06 22:59:03:593 [32minfo[39m: [32mMongoDB connected successfully[39m
2025-07-06 22:59:03:593 [32minfo[39m: [32mMongoDB connected successfully[39m
2025-07-06 22:59:03:593 [32minfo[39m: [32mServer running on port 3000 in development mode[39m
2025-07-06 22:59:03:593 [32minfo[39m: [32mAPI Documentation available at http://localhost:3000/api-docs[39m
2025-07-06 22:59:19:5919 [32minfo[39m: [32mMongoDB connected successfully[39m
2025-07-06 22:59:30:5930 [33mwarn[39m: [33m401 - Access token required - /api/quizzes - GET - ::1[39m
2025-07-06 22:59:45:5945 [32minfo[39m: [32mMongoDB connected successfully[39m
2025-07-06 22:59:47:5947 [32minfo[39m: [32mMongoDB connected successfully[39m
2025-07-06 23:00:01:01 [32minfo[39m: [32mMongoDB connected successfully[39m
2025-07-06 23:00:08:08 [32minfo[39m: [32mMongoDB connected successfully[39m
2025-07-06 23:00:15:015 [32minfo[39m: [32mMongoDB connected successfully[39m
2025-07-06 23:03:43:343 [32minfo[39m: [32mMongoDB connected successfully[39m
2025-07-06 23:08:06:86 [33mwarn[39m: [33m401 - Invalid token - /api/progress/stats - GET - ::1[39m
2025-07-06 23:08:06:86 [33mwarn[39m: [33m401 - Invalid token - /api/progress/stats - GET - ::1[39m
2025-07-06 23:08:07:87 [33mwarn[39m: [33m401 - Invalid token - /api/progress/stats - GET - ::1[39m
2025-07-06 23:08:16:816 [33mwarn[39m: [33m401 - Access token required - /api/quizzes - GET - ::1[39m
2025-07-06 23:09:56:956 [33mwarn[39m: [33m401 - Invalid token - /api/progress/stats - GET - ::1[39m
2025-07-06 23:09:56:956 [33mwarn[39m: [33m401 - Invalid token - /api/progress/stats - GET - ::1[39m
2025-07-06 23:10:03:103 [33mwarn[39m: [33m401 - Invalid token - /api/progress/stats - GET - ::1[39m
2025-07-06 23:10:03:103 [33mwarn[39m: [33m401 - Invalid token - /api/progress/stats - GET - ::1[39m
